MariaDB [z1811457]> \. assignment6.sql
+----------+-----------------+-------------+
| LastName | FirstName       | BoatType    |
+----------+-----------------+-------------+
| Adney    | Bruce and Doris | Sprite 4000 |
| Anderson | Bill            | Ray 4025    |
| Blake    | Mary Jane       | Sprite 4000 |
| Feenstra | Daniel          | Dolphin 28  |
| Elend    | Mary and Bill   | Sprite 3000 |
| Adney    | Bruce and Doris | Dolphin 25  |
| Kelly    | Alyssa          | Dolphin 22  |
| Trent    | Ashton          | Dolphin 25  |
| Smith    | Peter           | Dolphin 28  |
| Feenstra | Daniel          | Dolphin 40  |
| Smeltz   | Becky and Dave  | Ray 4025    |
| Juarez   | Maria           | Dolphin 40  |
| Blake    | Mary Jane       | Ray 4025    |
+----------+-----------------+-------------+
13 rows in set (0.00 sec)

+----------+-----------------+-------------+
| LastName | FirstName       | Total Boats |
+----------+-----------------+-------------+
| Adney    | Bruce and Doris |           2 |
| Blake    | Mary Jane       |           2 |
| Feenstra | Daniel          |           2 |
+----------+-----------------+-------------+
3 rows in set (0.00 sec)

+----------+---------------------------------------------------------------------------------------------------------+
| LastName | Description                                                                                             |
+----------+---------------------------------------------------------------------------------------------------------+
| Blake    | Canvas leaks around zippers in heavy rain. Install overlap around zippers to prevent leaks.             |
| Adney    | Air conditioner periodically stops with code indicating low coolant level. Diagnose and repair.         |
| Elend    | Fuse on port motor blown on two occasions. Diagnose and repair.                                         |
| Feenstra | Oil change and general routine maintenance (check fluid levels, clean sea strainers etc.).              |
| Adney    | Engine oil level has been dropping drastically. Diagnose and repair.                                    |
| Juarez   | Air conditioning unit shuts down with HHH showing on the control panel.                                 |
| Smeltz   | Electric-flush system periodically stops functioning. Diagnose and repair.                              |
| Adney    | Engine overheating. Loss of coolant. Diagnose and repair.                                               |
| Adney    | Heat exchanger not operating correctly.                                                                 |
| Kelly    | Canvas severely damaged in windstorm. Order and install new canvas.                                     |
| Anderson | Install new GPS and chart plotter.                                                                      |
| Anderson | Air conditioning unit shuts down with HHH showing on the control panel.                                 |
| Feenstra | Both speed and depth readings on data unit are significantly less than the owner thinks they should be. |
| Trent    | Customer describes engine as making a clattering sound.                                                 |
| Kelly    | Owner accident caused damage to forward portion of port side.                                           |
| Smeltz   | Canvas leaks around zippers in heavy rain. Install overlap around zippers to prevent leaks.             |
+----------+---------------------------------------------------------------------------------------------------------+
16 rows in set (0.00 sec)

+---------------------------------------------------+----------------------------------------------------------------------------------------------------------------+
| CategoryDescription                               | (SELECT COUNT(*) 
	FROM ServiceRequest
       	WHERE ServiceCategory.CategoryNum = ServiceRequest.CategoryNum) |
+---------------------------------------------------+----------------------------------------------------------------------------------------------------------------+
| Routine engine maintenance                        |                                                                                                              1 |
| Engine repair                                     |                                                                                                              4 |
| Air conditioning                                  |                                                                                                              3 |
| Electrical systems                                |                                                                                                              2 |
| Fiberglass repair                                 |                                                                                                              1 |
| Canvas installation                               |                                                                                                              1 |
| Canvas repair                                     |                                                                                                              2 |
| Electronic systems (radar, GPS, autopilots, etc.) |                                                                                                              2 |
+---------------------------------------------------+----------------------------------------------------------------------------------------------------------------+
8 rows in set (0.00 sec)

+----------+-----------------+-------------+-------+-------------------+
| LastName | FirstName       | City        | State | Name              |
+----------+-----------------+-------------+-------+-------------------+
| Adney    | Bruce and Doris | Bowton      | FL    | Alexamara East    |
| Anderson | Bill            | Glander Bay | FL    | Alexamara East    |
| Blake    | Mary Jane       | Bowton      | FL    | Alexamara East    |
| Feenstra | Daniel          | Kaleva      | FL    | Alexamara East    |
| Elend    | Mary and Bill   | Rivard      | FL    | Alexamara East    |
| Adney    | Bruce and Doris | Bowton      | FL    | Alexamara Central |
| Kelly    | Alyssa          | Bowton      | FL    | Alexamara Central |
| Trent    | Ashton          | Bay Shores  | FL    | Alexamara Central |
| Smith    | Peter           | Lewiston    | FL    | Alexamara Central |
| Feenstra | Daniel          | Kaleva      | FL    | Alexamara Central |
| Smeltz   | Becky and Dave  | Glander Bay | FL    | Alexamara Central |
| Juarez   | Maria           | Rivard      | FL    | Alexamara South   |
| Blake    | Mary Jane       | Bowton      | FL    | Alexamara South   |
+----------+-----------------+-------------+-------+-------------------+
13 rows in set (0.00 sec)

+---------------------------+
| SUM(MarinaSlip.RentalFee) |
+---------------------------+
|                  41100.00 |
+---------------------------+
1 row in set (0.00 sec)

+------------+-----------------+-------------+------------+
| Service ID | Estimated Hours | Hours Spent | Difference |
+------------+-----------------+-------------+------------+
|          1 |            8.00 |        3.00 |       5.00 |
|          2 |            4.00 |        2.00 |       2.00 |
|          3 |            2.00 |        0.00 |       2.00 |
|          4 |            1.00 |        0.00 |       1.00 |
|          5 |            2.00 |        0.00 |       2.00 |
|          6 |            1.00 |        1.00 |       0.00 |
|          7 |            3.00 |        0.00 |       3.00 |
|          8 |            2.00 |        0.00 |       2.00 |
|          9 |            4.00 |        1.00 |       3.00 |
|         10 |            8.00 |        0.00 |       8.00 |
|         11 |            7.00 |        0.00 |       7.00 |
|         12 |            1.00 |        1.00 |       0.00 |
|         13 |            2.00 |        0.00 |       2.00 |
|         14 |            5.00 |        2.00 |       3.00 |
|         15 |            6.00 |        0.00 |       6.00 |
|         16 |            8.00 |        3.00 |       5.00 |
+------------+-----------------+-------------+------------+
16 rows in set (0.00 sec)

+----------+-------------+
| LastName | BoatName    |
+----------+-------------+
| Adney    | Anderson II |
| Anderson | Our Toy     |
| Blake    | Escape      |
| Feenstra | Axxon II    |
| Smeltz   | Karvel      |
| Juarez   | Axxon IV    |
| Blake    | Krispy      |
+----------+-------------+
7 rows in set (0.00 sec)

+--------------+-----------------+
| BoatName     | NextServiceDate |
+--------------+-----------------+
| Krispy       | 2013-07-17      |
| Anderson II  | 2013-07-12      |
| Anderson III | 2013-07-12      |
| Gypsy        | 2013-07-16      |
| Anderson II  | 2013-07-13      |
| Axxon IV     | 2020-12-31      |
| Karvel       | 2020-12-31      |
| Bravo        | 2013-07-13      |
| Bravo        | 2013-07-17      |
| Chinook      | 2013-07-16      |
| Our Toy      | 2013-07-17      |
| Our Toy      | 2020-12-31      |
| Listy        | 2013-07-12      |
| Chinook      | 2013-07-13      |
| Karvel       | 2013-07-17      |
+--------------+-----------------+
15 rows in set (0.00 sec)

+----------+--------+-------------------+
| LastName | SlipID | Name              |
+----------+--------+-------------------+
| Adney    |      1 | Alexamara East    |
| Anderson |      2 | Alexamara East    |
| Blake    |      3 | Alexamara East    |
| Feenstra |      4 | Alexamara East    |
| Elend    |      5 | Alexamara East    |
| Adney    |      6 | Alexamara Central |
| Kelly    |      7 | Alexamara Central |
| Trent    |      8 | Alexamara Central |
| Smith    |      9 | Alexamara Central |
| Feenstra |     10 | Alexamara Central |
| Smeltz   |     11 | Alexamara Central |
| Juarez   |     12 | Alexamara South   |
| Blake    |     13 | Alexamara South   |
+----------+--------+-------------------+
13 rows in set (0.00 sec)

MariaDB [z1811457]> \q
